<component name="libraryTable">
  <library name="junit-4.10 (2)">
    <CLASSES>
      <root url="jar://$PROJECT_DIR$/spring_ioc_anno/web/WEB-INF/lib/junit-4.10.jar!/" />
    </CLASSES>
    <JAVADOC />
    <SOURCES />
  </library>
</component>